<?xml version="1.0" encoding="UTF-8"?>
<!-- Generated by org.testng.reporters.JUnitXMLReporter -->
<testsuite ignored="2" hostname="Nitins-MacBook-Pro.local" failures="0" tests="1" name="Default test" time="2.509" errors="0" timestamp="2025-06-09T22:36:04 IST">
  <testcase classname="httpMethodsBDD.Headers_Cookies_QueryParameter" name="cookiesTest" time="2.452"/>
  <testcase classname="httpMethodsBDD.Headers_Cookies_QueryParameter" name="queryParameterTest" time="0.0">
    <ignored/>
  </testcase> <!-- queryParameterTest -->
  <testcase classname="httpMethodsBDD.Headers_Cookies_QueryParameter" name="headersTest" time="0.0">
    <ignored/>
  </testcase> <!-- headersTest -->
</testsuite> <!-- Default test -->
