<?xml version="1.0" encoding="UTF-8"?>
<!-- Generated by org.testng.reporters.JUnitXMLReporter -->
<testsuite ignored="2" hostname="Nitins-MacBook-Pro.local" failures="0" tests="1" name="Default test" time="0.06" errors="0" timestamp="2025-05-29T21:45:51 IST">
  <testcase classname="mymavenProject.MVN_03_ExecutionListerners" name="test3" time="0.018">
    <skipped/>
  </testcase> <!-- test3 -->
  <testcase classname="mymavenProject.MVN_03_ExecutionListerners" name="test2" time="0.0">
    <ignored/>
  </testcase> <!-- test2 -->
  <testcase classname="mymavenProject.MVN_03_ExecutionListerners" name="test1" time="0.0">
    <ignored/>
  </testcase> <!-- test1 -->
</testsuite> <!-- Default test -->
