<?xml version="1.0" encoding="UTF-8"?>
<testng-results ignored="0" total="3" passed="3" failed="0" skipped="0">
  <reporter-output>
  </reporter-output>
  <suite started-at="2025-05-19T22:23:20 IST" name="My Suite" finished-at="2025-05-19T22:24:50 IST" duration-ms="90088">
    <groups>
    </groups>
    <test started-at="2025-05-19T22:23:20 IST" name="MyTest" finished-at="2025-05-19T22:24:50 IST" duration-ms="90088">
      <class name="testNGDemos.TNG_08_RandomAmazonScripts">
        <test-method is-config="true" signature="openBrowser()[pri:0, instance:testNGDemos.TNG_08_RandomAmazonScripts@479d31f3]" started-at="2025-05-19T22:23:20 IST" name="openBrowser" finished-at="2025-05-19T22:23:27 IST" duration-ms="6647" status="PASS">
          <reporter-output>
          </reporter-output>
        </test-method> <!-- openBrowser -->
        <test-method is-config="true" signature="openAmazon()[pri:0, instance:testNGDemos.TNG_08_RandomAmazonScripts@479d31f3]" started-at="2025-05-19T22:23:27 IST" name="openAmazon" finished-at="2025-05-19T22:23:44 IST" duration-ms="17287" status="PASS">
          <reporter-output>
          </reporter-output>
        </test-method> <!-- openAmazon -->
        <test-method signature="testSellLink()[pri:1, instance:testNGDemos.TNG_08_RandomAmazonScripts@479d31f3]" started-at="2025-05-19T22:23:44 IST" name="testSellLink" finished-at="2025-05-19T22:23:44 IST" duration-ms="16" status="PASS">
          <reporter-output>
          </reporter-output>
        </test-method> <!-- testSellLink -->
        <test-method is-config="true" signature="closeBrowser()[pri:0, instance:testNGDemos.TNG_08_RandomAmazonScripts@479d31f3]" started-at="2025-05-19T22:23:44 IST" name="closeBrowser" finished-at="2025-05-19T22:23:48 IST" duration-ms="3994" status="PASS">
          <reporter-output>
          </reporter-output>
        </test-method> <!-- closeBrowser -->
        <test-method is-config="true" signature="openAmazon()[pri:0, instance:testNGDemos.TNG_08_RandomAmazonScripts@479d31f3]" started-at="2025-05-19T22:23:48 IST" name="openAmazon" finished-at="2025-05-19T22:23:59 IST" duration-ms="11085" status="PASS">
          <reporter-output>
          </reporter-output>
        </test-method> <!-- openAmazon -->
        <test-method signature="testElectronicLink()[pri:3, instance:testNGDemos.TNG_08_RandomAmazonScripts@479d31f3]" started-at="2025-05-19T22:23:59 IST" name="testElectronicLink" finished-at="2025-05-19T22:23:59 IST" duration-ms="4" status="PASS">
          <reporter-output>
          </reporter-output>
        </test-method> <!-- testElectronicLink -->
        <test-method is-config="true" signature="closeBrowser()[pri:0, instance:testNGDemos.TNG_08_RandomAmazonScripts@479d31f3]" started-at="2025-05-19T22:23:59 IST" name="closeBrowser" finished-at="2025-05-19T22:24:21 IST" duration-ms="21887" status="PASS">
          <reporter-output>
          </reporter-output>
        </test-method> <!-- closeBrowser -->
        <test-method is-config="true" signature="openAmazon()[pri:0, instance:testNGDemos.TNG_08_RandomAmazonScripts@479d31f3]" started-at="2025-05-19T22:24:21 IST" name="openAmazon" finished-at="2025-05-19T22:24:34 IST" duration-ms="12962" status="PASS">
          <reporter-output>
          </reporter-output>
        </test-method> <!-- openAmazon -->
        <test-method signature="testMobilesLink()[pri:4, instance:testNGDemos.TNG_08_RandomAmazonScripts@479d31f3]" started-at="2025-05-19T22:24:34 IST" name="testMobilesLink" finished-at="2025-05-19T22:24:34 IST" duration-ms="2" status="PASS">
          <reporter-output>
          </reporter-output>
        </test-method> <!-- testMobilesLink -->
        <test-method is-config="true" signature="closeBrowser()[pri:0, instance:testNGDemos.TNG_08_RandomAmazonScripts@479d31f3]" started-at="2025-05-19T22:24:34 IST" name="closeBrowser" finished-at="2025-05-19T22:24:50 IST" duration-ms="16011" status="PASS">
          <reporter-output>
          </reporter-output>
        </test-method> <!-- closeBrowser -->
        <test-method is-config="true" signature="stopExecution()[pri:0, instance:testNGDemos.TNG_08_RandomAmazonScripts@479d31f3]" started-at="2025-05-19T22:24:50 IST" name="stopExecution" finished-at="2025-05-19T22:24:50 IST" duration-ms="136" status="PASS">
          <reporter-output>
          </reporter-output>
        </test-method> <!-- stopExecution -->
      </class> <!-- testNGDemos.TNG_08_RandomAmazonScripts -->
    </test> <!-- MyTest -->
  </suite> <!-- My Suite -->
</testng-results>
