<?xml version="1.0" encoding="UTF-8"?>
<!-- Generated by org.testng.reporters.JUnitXMLReporter -->
<testsuite ignored="0" hostname="Nitins-MacBook-Pro.local" failures="0" tests="6" name="Default test" time="0.695" errors="0" timestamp="2025-05-27T11:23:52 IST">
  <testcase classname="com.DataDriverUsingExcel_POI.CreateLoginData" name="setLoginData" time="0.034"/>
  <testcase classname="com.DataDriverUsingExcel_POI.CreateLoginData" name="setLoginData" time="0.005"/>
  <testcase classname="com.DataDriverUsingExcel_POI.CreateLoginData" name="setLoginData" time="0.006"/>
  <testcase classname="com.DataDriverUsingExcel_POI.CreateLoginData" name="setLoginData" time="0.002"/>
  <testcase classname="com.DataDriverUsingExcel_POI.CreateLoginData" name="setLoginData" time="0.006"/>
  <testcase classname="com.DataDriverUsingExcel_POI.CreateLoginData" name="setLoginData" time="0.003"/>
</testsuite> <!-- Default test -->
