<?xml version="1.0" encoding="UTF-8"?>
<!-- Generated by org.testng.reporters.JUnitReportReporter -->
<testsuite hostname="Nitins-MacBook-Pro.local" failures="0" tests="6" name="com.DataDriverUsingExcel_POI.CreateLoginData" time="0.078" errors="0" timestamp="2025-05-22T22:02:58 IST" skipped="0">
  <testcase classname="com.DataDriverUsingExcel_POI.CreateLoginData" name="setLoginData" time="0.009"/>
  <testcase classname="com.DataDriverUsingExcel_POI.CreateLoginData" name="setLoginData" time="0.045"/>
  <testcase classname="com.DataDriverUsingExcel_POI.CreateLoginData" name="setLoginData" time="0.009"/>
  <testcase classname="com.DataDriverUsingExcel_POI.CreateLoginData" name="setLoginData" time="0.004"/>
  <testcase classname="com.DataDriverUsingExcel_POI.CreateLoginData" name="setLoginData" time="0.006"/>
  <testcase classname="com.DataDriverUsingExcel_POI.CreateLoginData" name="setLoginData" time="0.005"/>
</testsuite> <!-- com.DataDriverUsingExcel_POI.CreateLoginData -->
