<?xml version="1.0" encoding="UTF-8"?>
<!-- Generated by org.testng.reporters.JUnitReportReporter -->
<testsuite hostname="Nitins-MacBook-Pro.local" failures="0" tests="3" name="testNGDemos.TNG_03_BeforeTest_AfterTest" time="0.018" errors="0" timestamp="2025-05-15T21:08:22 IST" skipped="0">
  <testcase classname="testNGDemos.TNG_03_BeforeTest_AfterTest" name="loginFaceBook" time="0.013"/>
  <testcase classname="testNGDemos.TNG_03_BeforeTest_AfterTest" name="loginMyntra" time="0.002"/>
  <testcase classname="testNGDemos.TNG_03_BeforeTest_AfterTest" name="loginstarAgile" time="0.003"/>
</testsuite> <!-- testNGDemos.TNG_03_BeforeTest_AfterTest -->
