<?xml version="1.0" encoding="UTF-8"?>
<!-- Generated by org.testng.reporters.JUnitReportReporter -->
<testsuite hostname="Nitins-MacBook-Pro.local" failures="0" tests="7" name="testNGDemos.SATNG_06_groupingThetestcases" time="0.026" errors="0" timestamp="2025-05-15T16:21:11 IST" skipped="0">
  <testcase classname="testNGDemos.SATNG_06_groupingThetestcases" name="testA" time="0.014"/>
  <testcase classname="testNGDemos.SATNG_06_groupingThetestcases" name="registeration" time="0.002"/>
  <testcase classname="testNGDemos.SATNG_06_groupingThetestcases" name="login" time="0.002"/>
  <testcase classname="testNGDemos.SATNG_06_groupingThetestcases" name="searchProduct" time="0.002"/>
  <testcase classname="testNGDemos.SATNG_06_groupingThetestcases" name="productListingPage" time="0.002"/>
  <testcase classname="testNGDemos.SATNG_06_groupingThetestcases" name="addProductToBasket" time="0.002"/>
  <testcase classname="testNGDemos.SATNG_06_groupingThetestcases" name="checkout" time="0.002"/>
</testsuite> <!-- testNGDemos.SATNG_06_groupingThetestcases -->
