<?xml version="1.0" encoding="UTF-8"?>
<!-- Generated by org.testng.reporters.JUnitReportReporter -->
<testsuite hostname="Nitins-MacBook-Pro.local" failures="0" tests="3" name="testNGDemos.TNG_05RandomScenarioWithTestNG" time="41.517" errors="0" timestamp="2025-05-15T20:48:39 IST" skipped="0">
  <testcase classname="testNGDemos.TNG_05RandomScenarioWithTestNG" name="loginHRM" time="28.343"/>
  <testcase classname="testNGDemos.TNG_05RandomScenarioWithTestNG" name="loginHRM1" time="6.676"/>
  <testcase classname="testNGDemos.TNG_05RandomScenarioWithTestNG" name="loginHRM2" time="6.498"/>
</testsuite> <!-- testNGDemos.TNG_05RandomScenarioWithTestNG -->
