<?xml version="1.0" encoding="UTF-8"?>
<!-- Generated by org.testng.reporters.JUnitReportReporter -->
<testsuite hostname="Nitins-MacBook-Pro.local" failures="0" tests="3" name="testNGDemos.TNG_06_DependsOnMethod" time="0.022" errors="0" timestamp="2025-05-15T21:03:29 IST" skipped="3">
  <testcase classname="testNGDemos.TNG_06_DependsOnMethod" name="search" time="0.022">
    <skipped/>
  </testcase> <!-- search -->
  <testcase classname="testNGDemos.TNG_06_DependsOnMethod" name="selectPhone" time="0.000">
    <skipped/>
  </testcase> <!-- selectPhone -->
  <testcase classname="testNGDemos.TNG_06_DependsOnMethod" name="checkout" time="0.000">
    <skipped/>
  </testcase> <!-- checkout -->
</testsuite> <!-- testNGDemos.TNG_06_DependsOnMethod -->
