<?xml version="1.0" encoding="UTF-8"?>
<!-- Generated by org.testng.reporters.JUnitReportReporter -->
<testsuite hostname="Nitins-MacBook-Pro.local" failures="0" tests="4" name="testNGDemos.TNG_01_FirstScripts" time="0.034" errors="0" timestamp="2025-05-14T21:40:16 IST" skipped="0">
  <testcase classname="testNGDemos.TNG_01_FirstScripts" name="testC" time="0.004"/>
  <testcase classname="testNGDemos.TNG_01_FirstScripts" name="testD" time="0.003"/>
  <testcase classname="testNGDemos.TNG_01_FirstScripts" name="testA" time="0.023"/>
  <testcase classname="testNGDemos.TNG_01_FirstScripts" name="testB" time="0.004"/>
</testsuite> <!-- testNGDemos.TNG_01_FirstScripts -->
