<?xml version="1.0" encoding="UTF-8"?>
<!-- Generated by org.testng.reporters.JUnitReportReporter -->
<testsuite hostname="Nitins-MacBook-Pro.local" failures="0" tests="3" name="testNGDemos.TNG_04_BeforeMethod_AfterMethod" time="0.038" errors="0" timestamp="2025-05-14T22:07:01 IST" skipped="0">
  <testcase classname="testNGDemos.TNG_04_BeforeMethod_AfterMethod" name="loginFaceBook" time="0.031"/>
  <testcase classname="testNGDemos.TNG_04_BeforeMethod_AfterMethod" name="loginMyntra" time="0.002"/>
  <testcase classname="testNGDemos.TNG_04_BeforeMethod_AfterMethod" name="loginstarAgile" time="0.005"/>
</testsuite> <!-- testNGDemos.TNG_04_BeforeMethod_AfterMethod -->
