<?xml version="1.0" encoding="UTF-8"?>
<!-- Generated by org.testng.reporters.JUnitReportReporter -->
<testsuite hostname="Nitins-MacBook-Pro.local" failures="0" tests="3" name="testNGDemos.TNG_06_DataProvider" time="0.033" errors="0" timestamp="2025-05-15T21:47:09 IST" skipped="0">
  <testcase classname="testNGDemos.TNG_06_DataProvider" name="getData" time="0.004"/>
  <testcase classname="testNGDemos.TNG_06_DataProvider" name="getData" time="0.027"/>
  <testcase classname="testNGDemos.TNG_06_DataProvider" name="getData" time="0.002"/>
</testsuite> <!-- testNGDemos.TNG_06_DataProvider -->
