<?xml version="1.0" encoding="UTF-8"?>
<!-- Generated by org.testng.reporters.JUnitReportReporter -->
<testsuite hostname="Nitins-MacBook-Pro.local" failures="0" tests="1" name="com.DataDriverUsingExcel_POI.WriteTheDataIntoExcelFile" time="0.024" errors="0" timestamp="2025-05-27T11:19:45 IST" skipped="0">
  <testcase classname="com.DataDriverUsingExcel_POI.WriteTheDataIntoExcelFile" name="writeDataInToFile" time="0.024"/>
</testsuite> <!-- com.DataDriverUsingExcel_POI.WriteTheDataIntoExcelFile -->
