<?xml version="1.0" encoding="UTF-8"?>
<!-- Generated by org.testng.reporters.JUnitReportReporter -->
<testsuite hostname="Nitins-MacBook-Pro.local" failures="0" tests="4" name="testNGDemos.TNG_08_Scripts_For_ParallelExecution" time="28.624" errors="0" timestamp="2025-05-21T21:04:00 IST" skipped="0">
  <testcase classname="testNGDemos.TNG_08_Scripts_For_ParallelExecution" name="openAmazon" time="7.157"/>
  <testcase classname="testNGDemos.TNG_08_Scripts_For_ParallelExecution" name="OpenFaceBook" time="7.156"/>
  <testcase classname="testNGDemos.TNG_08_Scripts_For_ParallelExecution" name="OpenMyntra" time="7.155"/>
  <testcase classname="testNGDemos.TNG_08_Scripts_For_ParallelExecution" name="OpenGoogle" time="7.156"/>
</testsuite> <!-- testNGDemos.TNG_08_Scripts_For_ParallelExecution -->
