<?xml version="1.0" encoding="UTF-8"?>
<!-- Generated by org.testng.reporters.JUnitReportReporter -->
<testsuite hostname="Nitins-MacBook-Pro.local" failures="0" tests="4" name="testNGDemos.TNG_02_Priority" time="0.027" errors="0" timestamp="2025-05-14T21:49:40 IST" skipped="0">
  <testcase classname="testNGDemos.TNG_02_Priority" name="setupBrowser" time="0.022"/>
  <testcase classname="testNGDemos.TNG_02_Priority" name="setUpAppURL" time="0.002"/>
  <testcase classname="testNGDemos.TNG_02_Priority" name="registeration" time="0.002"/>
  <testcase classname="testNGDemos.TNG_02_Priority" name="login" time="0.001"/>
</testsuite> <!-- testNGDemos.TNG_02_Priority -->
