<?xml version="1.0" encoding="UTF-8"?>
<!-- Generated by org.testng.reporters.JUnitReportReporter -->
<testsuite hostname="Nitins-MacBook-Pro.local" failures="0" tests="6" name="com.DataDriverUsingExcel_POI.CreateLoginData" time="0.056" errors="0" timestamp="2025-05-27T11:23:52 IST" skipped="0">
  <testcase classname="com.DataDriverUsingExcel_POI.CreateLoginData" name="setLoginData" time="0.002"/>
  <testcase classname="com.DataDriverUsingExcel_POI.CreateLoginData" name="setLoginData" time="0.006"/>
  <testcase classname="com.DataDriverUsingExcel_POI.CreateLoginData" name="setLoginData" time="0.005"/>
  <testcase classname="com.DataDriverUsingExcel_POI.CreateLoginData" name="setLoginData" time="0.003"/>
  <testcase classname="com.DataDriverUsingExcel_POI.CreateLoginData" name="setLoginData" time="0.034"/>
  <testcase classname="com.DataDriverUsingExcel_POI.CreateLoginData" name="setLoginData" time="0.006"/>
</testsuite> <!-- com.DataDriverUsingExcel_POI.CreateLoginData -->
