<?xml version="1.0" encoding="UTF-8"?>
<!-- Generated by org.testng.reporters.JUnitReportReporter -->
<testsuite hostname="Nitins-MacBook-Pro.local" failures="0" tests="4" name="testNGDemos.TNG_08_RandomAmazonScripts" time="83.248" errors="0" timestamp="2025-05-19T22:24:50 IST" skipped="1">
  <testcase classname="testNGDemos.TNG_08_RandomAmazonScripts" name="testSellLink" time="15.095"/>
  <testcase classname="testNGDemos.TNG_08_RandomAmazonScripts" name="testElectronicLink" time="39.178"/>
  <testcase classname="testNGDemos.TNG_08_RandomAmazonScripts" name="testMobilesLink" time="28.975"/>
  <testcase classname="testNGDemos.TNG_08_RandomAmazonScripts" name="testBestSellerLink">
    <skipped/>
  </testcase> <!-- testBestSellerLink -->
</testsuite> <!-- testNGDemos.TNG_08_RandomAmazonScripts -->
