<?xml version="1.0" encoding="UTF-8"?>
<!-- Generated by org.testng.reporters.JUnitReportReporter -->
<testsuite hostname="Nitins-MacBook-Pro.local" failures="0" tests="1" name="com.DataDriverUsingExcel_POI.WriteDataIntoMultipleLines" time="0.046" errors="0" timestamp="2025-05-22T21:42:55 IST" skipped="0">
  <testcase classname="com.DataDriverUsingExcel_POI.WriteDataIntoMultipleLines" name="WriteMultipleLines" time="0.046"/>
</testsuite> <!-- com.DataDriverUsingExcel_POI.WriteDataIntoMultipleLines -->
