<?xml version="1.0" encoding="UTF-8"?>
<!-- Generated by org.testng.reporters.JUnitReportReporter -->
<testsuite hostname="Nitins-MacBook-Pro.local" failures="0" tests="1" name="com.DataDriverUsingExcel_POI.WriteTheDataIntoExcelFile" time="0.037" errors="0" timestamp="2025-05-22T21:30:26 IST" skipped="0">
  <testcase classname="com.DataDriverUsingExcel_POI.WriteTheDataIntoExcelFile" name="writeDataInToFile" time="0.037"/>
</testsuite> <!-- com.DataDriverUsingExcel_POI.WriteTheDataIntoExcelFile -->
