<?xml version="1.0" encoding="UTF-8"?>
<testng-results ignored="0" total="1" passed="1" failed="0" skipped="0">
  <reporter-output>
  </reporter-output>
  <suite started-at="2025-06-12T22:30:18 IST" name="Default suite" finished-at="2025-06-12T22:30:36 IST" duration-ms="18265">
    <groups>
    </groups>
    <test started-at="2025-06-12T22:30:18 IST" name="Default test" finished-at="2025-06-12T22:30:36 IST" duration-ms="18265">
      <class name="MobileEvents.longClickGestures">
        <test-method signature="testLongClickGestures()[pri:0, instance:MobileEvents.longClickGestures@245b4bdc]" started-at="2025-06-12T22:30:18 IST" name="testLongClickGestures" finished-at="2025-06-12T22:30:36 IST" duration-ms="18189" status="PASS">
          <reporter-output>
          </reporter-output>
        </test-method> <!-- testLongClickGestures -->
      </class> <!-- MobileEvents.longClickGestures -->
    </test> <!-- Default test -->
  </suite> <!-- Default suite -->
</testng-results>
