<?xml version="1.0" encoding="UTF-8"?>
<testng-results ignored="0" total="1" passed="1" failed="0" skipped="0">
  <reporter-output>
  </reporter-output>
  <suite started-at="2025-06-05T22:23:55 IST" name="Default suite" finished-at="2025-06-05T22:23:58 IST" duration-ms="3212">
    <groups>
    </groups>
    <test started-at="2025-06-05T22:23:55 IST" name="Default test" finished-at="2025-06-05T22:23:58 IST" duration-ms="3212">
      <class name="api_Methods.JsonValidation_RestAssured">
        <test-method signature="jsonValidationTest()[pri:0, instance:api_Methods.JsonValidation_RestAssured@402bba4f]" started-at="2025-06-05T22:23:55 IST" name="jsonValidationTest" finished-at="2025-06-05T22:23:58 IST" duration-ms="3163" status="PASS">
          <reporter-output>
          </reporter-output>
        </test-method> <!-- jsonValidationTest -->
      </class> <!-- api_Methods.JsonValidation_RestAssured -->
    </test> <!-- Default test -->
  </suite> <!-- Default suite -->
</testng-results>
