<?xml version="1.0" encoding="UTF-8"?>
<!-- Generated by org.testng.reporters.JUnitXMLReporter -->
<testsuite ignored="1" hostname="Nitins-MacBook-Pro.local" failures="0" tests="3" name="MyTest" time="90.088" errors="0" timestamp="2025-05-19T22:24:50 IST">
  <testcase classname="testNGDemos.TNG_08_RandomAmazonScripts" name="testSellLink" time="0.016"/>
  <testcase classname="testNGDemos.TNG_08_RandomAmazonScripts" name="testElectronicLink" time="0.004"/>
  <testcase classname="testNGDemos.TNG_08_RandomAmazonScripts" name="testMobilesLink" time="0.002"/>
  <testcase classname="testNGDemos.TNG_08_RandomAmazonScripts" name="testBestSellerLink" time="0.0">
    <ignored/>
  </testcase> <!-- testBestSellerLink -->
</testsuite> <!-- MyTest -->
