<?xml version="1.0" encoding="UTF-8"?>
<!-- Generated by org.testng.reporters.JUnitReportReporter -->
<testsuite hostname="Nitins-MacBook-Pro.local" failures="0" tests="2" name="telecomeProject.telecomAssignements" time="5.534" errors="0" timestamp="2025-07-24T21:57:50 IST" skipped="0">
  <testcase classname="telecomeProject.telecomAssignements" name="addNewUser" time="4.384"/>
  <system-out/>
  <testcase classname="telecomeProject.telecomAssignements" name="getUserProfile" time="1.150"/>
  <system-out/>
</testsuite> <!-- telecomeProject.telecomAssignements -->
