<?xml version="1.0" encoding="UTF-8"?>
<!-- Generated by org.testng.reporters.JUnitReportReporter -->
<testsuite hostname="Nitins-MacBook-Pro.local" failures="0" tests="1" name="appium_androidSpecificOperations.lock_unlockfunctions" time="18.612" errors="0" timestamp="2025-06-16T21:41:33 IST" skipped="0">
  <testcase classname="appium_androidSpecificOperations.lock_unlockfunctions" name="testLockUnlockFunctions" time="18.612"/>
</testsuite> <!-- appium_androidSpecificOperations.lock_unlockfunctions -->
