<?xml version="1.0" encoding="UTF-8"?>
<!-- Generated by org.testng.reporters.JUnitReportReporter -->
<testsuite hostname="Nitins-MacBook-Pro.local" failures="0" tests="2" name="httpMethodsBDD.Serialization_deSerialization_RestAssured" time="0.227" errors="0" timestamp="2025-06-10T20:38:24 IST" skipped="0">
  <testcase classname="httpMethodsBDD.Serialization_deSerialization_RestAssured" name="deSerializationTest" time="0.209"/>
  <system-out/>
  <testcase classname="httpMethodsBDD.Serialization_deSerialization_RestAssured" name="serializationTest" time="0.018"/>
  <system-out/>
</testsuite> <!-- httpMethodsBDD.Serialization_deSerialization_RestAssured -->
