<?xml version="1.0" encoding="UTF-8"?>
<!-- Generated by org.testng.reporters.JUnitReportReporter -->
<testsuite hostname="Nitins-MacBook-Pro.local" failures="0" tests="1" name="appiumConnectionSetups.CreateAppiumSessionWithUIAutomation2" time="4.273" errors="0" timestamp="2025-06-12T21:03:53 IST" skipped="0">
  <testcase classname="appiumConnectionSetups.CreateAppiumSessionWithUIAutomation2" name="createAppiumConnectionWithUIA2" time="4.273"/>
</testsuite> <!-- appiumConnectionSetups.CreateAppiumSessionWithUIAutomation2 -->
