<?xml version="1.0" encoding="UTF-8"?>
<!-- Generated by org.testng.reporters.JUnitReportReporter -->
<testsuite hostname="Nitins-MacBook-Pro.local" failures="0" tests="1" name="randomFunctions.TypeTextInAppium" time="7.156" errors="1" timestamp="2025-06-16T18:56:43 IST" skipped="0">
  <testcase classname="randomFunctions.TypeTextInAppium" name="testTypetextOnFields" time="7.156">
    <error message="An element could not be located on the page using the given search parameters.
For documentation on this error, please visit: https://www.selenium.dev/documentation/webdriver/troubleshooting/errors#no-such-element-exception
Build info: version: &#039;4.33.0&#039;, revision: &#039;2c6aaad03a&#039;
System info: os.name: &#039;Mac OS X&#039;, os.arch: &#039;x86_64&#039;, os.version: &#039;14.6&#039;, java.version: &#039;21.0.5&#039;
Driver info: io.appium.java_client.AppiumDriver
Command: [b73cf34d-8e52-42fd-bc73-56caea0c3129, findElement {using=accessibility id, value=TextFields}]
Capabilities {appium:app: /Volumes/Renuka/Professiona..., appium:appActivity: io.appium.android.apis.ApiD..., appium:appPackage: io.appium.android.apis, appium:automationName: UIAutomator2, appium:databaseEnabled: false, appium:desired: {app: /Volumes/Renuka/Professiona..., automationName: UIAutomator2, platformName: ANDROID}, appium:deviceApiLevel: 36, appium:deviceManufacturer: Google, appium:deviceModel: sdk_gphone64_arm64, appium:deviceName: emulator-5554, appium:deviceScreenDensity: 480, appium:deviceScreenSize: 1344x2992, appium:deviceUDID: emulator-5554, appium:javascriptEnabled: true, appium:locationContextEnabled: false, appium:networkConnectionEnabled: true, appium:pixelRatio: 3, appium:platformVersion: 16, appium:statBarHeight: 156, appium:takesScreenshot: true, appium:viewportRect: {height: 2836, left: 0, top: 156, width: 1344}, appium:warnings: {}, appium:webStorageEnabled: false, platformName: ANDROID}
Session ID: b73cf34d-8e52-42fd-bc73-56caea0c3129" type="org.openqa.selenium.NoSuchElementException">
      <![CDATA[org.openqa.selenium.NoSuchElementException: An element could not be located on the page using the given search parameters.
For documentation on this error, please visit: https://www.selenium.dev/documentation/webdriver/troubleshooting/errors#no-such-element-exception
Build info: version: '4.33.0', revision: '2c6aaad03a'
System info: os.name: 'Mac OS X', os.arch: 'x86_64', os.version: '14.6', java.version: '21.0.5'
Driver info: io.appium.java_client.AppiumDriver
Command: [b73cf34d-8e52-42fd-bc73-56caea0c3129, findElement {using=accessibility id, value=TextFields}]
Capabilities {appium:app: /Volumes/Renuka/Professiona..., appium:appActivity: io.appium.android.apis.ApiD..., appium:appPackage: io.appium.android.apis, appium:automationName: UIAutomator2, appium:databaseEnabled: false, appium:desired: {app: /Volumes/Renuka/Professiona..., automationName: UIAutomator2, platformName: ANDROID}, appium:deviceApiLevel: 36, appium:deviceManufacturer: Google, appium:deviceModel: sdk_gphone64_arm64, appium:deviceName: emulator-5554, appium:deviceScreenDensity: 480, appium:deviceScreenSize: 1344x2992, appium:deviceUDID: emulator-5554, appium:javascriptEnabled: true, appium:locationContextEnabled: false, appium:networkConnectionEnabled: true, appium:pixelRatio: 3, appium:platformVersion: 16, appium:statBarHeight: 156, appium:takesScreenshot: true, appium:viewportRect: {height: 2836, left: 0, top: 156, width: 1344}, appium:warnings: {}, appium:webStorageEnabled: false, platformName: ANDROID}
Session ID: b73cf34d-8e52-42fd-bc73-56caea0c3129
at java.base/jdk.internal.reflect.DirectConstructorHandleAccessor.newInstance(DirectConstructorHandleAccessor.java:62)
at java.base/java.lang.reflect.Constructor.newInstanceWithCaller(Constructor.java:502)
at java.base/java.lang.reflect.Constructor.newInstance(Constructor.java:486)
at org.openqa.selenium.remote.ErrorCodec.decode(ErrorCodec.java:167)
at org.openqa.selenium.remote.codec.w3c.W3CHttpResponseCodec.decode(W3CHttpResponseCodec.java:138)
at org.openqa.selenium.remote.codec.w3c.W3CHttpResponseCodec.decode(W3CHttpResponseCodec.java:50)
at org.openqa.selenium.remote.HttpCommandExecutor.execute(HttpCommandExecutor.java:215)
at io.appium.java_client.remote.AppiumCommandExecutor.execute(AppiumCommandExecutor.java:243)
at org.openqa.selenium.remote.RemoteWebDriver.execute(RemoteWebDriver.java:544)
at org.openqa.selenium.remote.ElementLocation$ElementFinder$2.findElement(ElementLocation.java:165)
at org.openqa.selenium.remote.ElementLocation.findElement(ElementLocation.java:59)
at org.openqa.selenium.remote.RemoteWebDriver.findElement(RemoteWebDriver.java:367)
at org.openqa.selenium.remote.RemoteWebDriver.findElement(RemoteWebDriver.java:361)
at randomFunctions.TypeTextInAppium.testTypetextOnFields(TypeTextInAppium.java:31)
at java.base/jdk.internal.reflect.DirectMethodHandleAccessor.invoke(DirectMethodHandleAccessor.java:103)
at java.base/java.lang.reflect.Method.invoke(Method.java:580)
at org.testng.internal.invokers.MethodInvocationHelper.invokeMethod(MethodInvocationHelper.java:141)
at org.testng.internal.invokers.TestInvoker.invokeMethod(TestInvoker.java:687)
at org.testng.internal.invokers.TestInvoker.invokeTestMethod(TestInvoker.java:230)
at org.testng.internal.invokers.MethodRunner.runInSequence(MethodRunner.java:63)
at org.testng.internal.invokers.TestInvoker$MethodInvocationAgent.invoke(TestInvoker.java:995)
at org.testng.internal.invokers.TestInvoker.invokeTestMethods(TestInvoker.java:203)
at org.testng.internal.invokers.TestMethodWorker.invokeTestMethods(TestMethodWorker.java:154)
at org.testng.internal.invokers.TestMethodWorker.run(TestMethodWorker.java:134)
at java.base/java.util.ArrayList.forEach(ArrayList.java:1596)
at org.testng.TestRunner.privateRun(TestRunner.java:741)
at org.testng.TestRunner.run(TestRunner.java:616)
at org.testng.SuiteRunner.runTest(SuiteRunner.java:421)
at org.testng.SuiteRunner.runSequentially(SuiteRunner.java:413)
at org.testng.SuiteRunner.privateRun(SuiteRunner.java:373)
at org.testng.SuiteRunner.run(SuiteRunner.java:312)
at org.testng.SuiteRunnerWorker.runSuite(SuiteRunnerWorker.java:52)
at org.testng.SuiteRunnerWorker.run(SuiteRunnerWorker.java:95)
at org.testng.TestNG.runSuitesSequentially(TestNG.java:1274)
at org.testng.TestNG.runSuitesLocally(TestNG.java:1208)
at org.testng.TestNG.runSuites(TestNG.java:1112)
at org.testng.TestNG.run(TestNG.java:1079)
at org.testng.remote.AbstractRemoteTestNG.run(AbstractRemoteTestNG.java:115)
at org.testng.remote.RemoteTestNG.initAndRun(RemoteTestNG.java:293)
at org.testng.remote.RemoteTestNG.main(RemoteTestNG.java:91)
]]>
    </error>
  </testcase> <!-- testTypetextOnFields -->
</testsuite> <!-- randomFunctions.TypeTextInAppium -->
