<?xml version="1.0" encoding="UTF-8"?>
<!-- Generated by org.testng.reporters.JUnitReportReporter -->
<testsuite hostname="Nitins-MacBook-Pro.local" failures="0" tests="1" name="appium_androidSpecificOperations.testIdemoAppMobileDevicePerformance" time="5.268" errors="0" timestamp="2025-06-16T22:39:38 IST" skipped="0">
  <testcase classname="appium_androidSpecificOperations.testIdemoAppMobileDevicePerformance" name="testAppPerformancedata" time="5.268"/>
</testsuite> <!-- appium_androidSpecificOperations.testIdemoAppMobileDevicePerformance -->
