<?xml version="1.0" encoding="UTF-8"?>
<!-- Generated by org.testng.reporters.JUnitReportReporter -->
<testsuite hostname="Nitins-MacBook-Pro.local" failures="0" tests="2" name="httpsAPIMethod.GetRequest" time="0.211" errors="0" timestamp="2025-06-09T19:41:45 IST" skipped="0">
  <testcase classname="httpsAPIMethod.GetRequest" name="deSerializationTest" time="0.196"/>
  <system-out/>
  <testcase classname="httpsAPIMethod.GetRequest" name="serializationTest" time="0.015"/>
  <system-out/>
</testsuite> <!-- httpsAPIMethod.GetRequest -->
