<?xml version="1.0" encoding="UTF-8"?>
<!-- Generated by org.testng.reporters.JUnitReportReporter -->
<testsuite hostname="Nitins-MacBook-Pro.local" failures="0" tests="3" name="teleComProject" time="8.113" errors="0" timestamp="2025-07-24T16:52:20 IST" skipped="0">
  <testcase classname="teleComProject" name="loginUser" time="5.222"/>
  <system-out/>
  <testcase classname="teleComProject" name="addContact" time="1.306"/>
  <system-out/>
  <testcase classname="teleComProject" name="updateContact" time="1.585"/>
  <system-out/>
</testsuite> <!-- teleComProject -->
