<?xml version="1.0" encoding="UTF-8"?>
<!-- Generated by org.testng.reporters.JUnitReportReporter -->
<testsuite hostname="Nitins-MacBook-Pro.local" failures="0" tests="1" name="appium_androidSpecificOperations.AndroidSpecificCommands_2" time="20.700" errors="0" timestamp="2025-06-16T22:03:08 IST" skipped="0">
  <testcase classname="appium_androidSpecificOperations.AndroidSpecificCommands_2" name="testAndroidSpecific" time="20.700"/>
</testsuite> <!-- appium_androidSpecificOperations.AndroidSpecificCommands_2 -->
